WARNING:root: Поступило 0 руб
WARNING:root: Поступило 1 руб
WARNING:root: Поступило 2 руб
WARNING:root: Поступило 3 руб
WARNING:root: Поступило 4 руб
WARNING:root: Поступило 5 руб
WARNING:root: Поступило 6 руб
WARNING:root: Поступило 7 руб
WARNING:root: Поступило 8 руб
WARNING:root: Поступило 9 руб
2023-03-16 16:46:57,276 WARNING root  Поступило 0 руб
2023-03-16 16:46:57,276 WARNING root  Поступило 1 руб
2023-03-16 16:46:57,276 WARNING root  Поступило 2 руб
2023-03-16 16:46:57,276 WARNING root  Поступило 3 руб
2023-03-16 16:46:57,276 WARNING root  Поступило 4 руб
2023-03-16 16:46:57,276 WARNING root  Поступило 5 руб
2023-03-16 16:46:57,276 WARNING root  Поступило 6 руб
2023-03-16 16:46:57,276 WARNING root  Поступило 7 руб
2023-03-16 16:46:57,278 WARNING root  Поступило 8 руб
2023-03-16 16:46:57,278 WARNING root  Поступило 9 руб
2023-03-16 16:47:59,390 WARNING root  Поступило 0 руб
2023-03-16 16:47:59,390 WARNING root  Поступило 1 руб
2023-03-16 16:47:59,390 WARNING root  Поступило 2 руб
2023-03-16 16:47:59,391 WARNING root  Поступило 3 руб
2023-03-16 16:47:59,391 WARNING root  Поступило 4 руб
2023-03-16 16:47:59,391 WARNING root  Поступило 5 руб
2023-03-16 16:47:59,391 WARNING root  Поступило 6 руб
2023-03-16 16:47:59,391 WARNING root  Поступило 7 руб
2023-03-16 16:47:59,391 WARNING root  Поступило 8 руб
2023-03-16 16:47:59,391 WARNING root  Поступило 9 руб
2023-03-16 16:47:59,391 ERROR root Недостаточно средств
2023-03-16 16:49:09,640 WARNING root  Поступило 0 руб
2023-03-16 16:49:09,640 WARNING root  Поступило 1 руб
2023-03-16 16:49:09,640 WARNING root  Поступило 2 руб
2023-03-16 16:49:09,641 WARNING root  Поступило 3 руб
2023-03-16 16:49:09,641 WARNING root  Поступило 4 руб
2023-03-16 16:49:09,641 WARNING root  Поступило 5 руб
2023-03-16 16:49:09,641 WARNING root  Поступило 6 руб
2023-03-16 16:49:09,641 WARNING root  Поступило 7 руб
2023-03-16 16:49:09,641 WARNING root  Поступило 8 руб
2023-03-16 16:49:09,641 WARNING root  Поступило 9 руб
2023-03-16 16:49:09,641 ERROR root Недостаточно средств
2023-03-16 16:51:00,680 DEBUG root А мы тут ЛОГами балуемся
2023-03-16 16:51:00,680 WARNING root  Поступило 0 руб
2023-03-16 16:51:00,680 WARNING root  Поступило 1 руб
2023-03-16 16:51:00,680 WARNING root  Поступило 2 руб
2023-03-16 16:51:00,680 WARNING root  Поступило 3 руб
2023-03-16 16:51:00,680 WARNING root  Поступило 4 руб
2023-03-16 16:51:00,680 WARNING root  Поступило 5 руб
2023-03-16 16:51:00,680 WARNING root  Поступило 6 руб
2023-03-16 16:51:00,680 WARNING root  Поступило 7 руб
2023-03-16 16:51:00,680 WARNING root  Поступило 8 руб
2023-03-16 16:51:00,680 WARNING root  Поступило 9 руб
2023-03-16 16:51:00,680 ERROR root Недостаточно средств
2023-03-16 16:51:54,212 DEBUG root А мы тут ЛОГами балуемся
2023-03-16 16:51:54,212 INFO root Info
2023-03-16 16:51:54,213 WARNING root  Поступило 0 руб
2023-03-16 16:51:54,213 WARNING root  Поступило 1 руб
2023-03-16 16:51:54,213 WARNING root  Поступило 2 руб
2023-03-16 16:51:54,213 WARNING root  Поступило 3 руб
2023-03-16 16:51:54,213 WARNING root  Поступило 4 руб
2023-03-16 16:51:54,213 WARNING root  Поступило 5 руб
2023-03-16 16:51:54,213 WARNING root  Поступило 6 руб
2023-03-16 16:51:54,213 WARNING root  Поступило 7 руб
2023-03-16 16:51:54,213 WARNING root  Поступило 8 руб
2023-03-16 16:51:54,213 WARNING root  Поступило 9 руб
2023-03-16 16:51:54,213 ERROR root Недостаточно средств
2023-03-16 16:51:54,213 CRITICAL root Critical or Fatal
2023-03-16 17:18:36,837 DEBUG root А мы тут ЛОГами балуемся
2023-03-16 17:18:36,837 INFO root Info
2023-03-16 17:18:36,837 WARNING root  Поступило 0 руб
2023-03-16 17:18:36,837 WARNING root  Поступило 1 руб
2023-03-16 17:18:36,837 WARNING root  Поступило 2 руб
2023-03-16 17:18:36,837 WARNING root  Поступило 3 руб
2023-03-16 17:18:36,837 WARNING root  Поступило 4 руб
2023-03-16 17:18:36,837 WARNING root  Поступило 5 руб
2023-03-16 17:18:36,837 WARNING root  Поступило 6 руб
2023-03-16 17:18:36,837 WARNING root  Поступило 7 руб
2023-03-16 17:18:36,837 WARNING root  Поступило 8 руб
2023-03-16 17:18:36,837 WARNING root  Поступило 9 руб
2023-03-16 17:18:36,837 ERROR root Недостаточно средств
2023-03-16 17:18:36,837 CRITICAL root Critical or Fatal
